      0: system.pc.south_bridge.cmos.rtc: Real-time clock set to Sun Jan  1 00:00:00 2012
1618094000: system.ruby.l0_cntrl0: MESI_Three_Level-L0cache.sm:623: Sending invalidation for 0x2126000 to the CPU
1618094000: system.ruby.l0_cntrl0: MESI_Three_Level-L0cache.sm:568: L0Cache-0
1618094000: system.ruby.l0_cntrl0: MESI_Three_Level-L0cache.sm:571: address: 0x2128000, destination: L1Cache-0
1618095000: system.ruby.l1_cntrl0: MESI_Three_Level-L1cache.sm:387: This is L1 messageBufferFromL0_in
1618095000: system.ruby.l1_cntrl0: MESI_Three_Level-L1cache.sm:388: [CoherenceMsg: addr = [0x2126000, line 0x2126000] Class = PUTX AccessMode = User Sender = L0Cache-0 Dest = L1Cache-0 MessageSize = Writeback_Data DataBlk = [ 0x0 0x0 0x0 0x0 0x0 0x0 0x0 0x0 0x0 0x0 0x0 0x0 0x0 0x0 0x0 0x0 0x0 0x0 0x0 0x0 0x0 0x0 0x0 0x0 0x0 0x0 0x0 0x0 0x0 0x0 0x0 0x0 0x0 0x0 0x0 0x0 0x0 0x0 0x0 0x0 0x0 0x0 0x0 0x0 0x0 0x0 0x0 0x0 0x0 0x0 0x0 0x0 0x0 0x0 0x0 0x0 0x0 0x0 0x0 0x0 0x0 0x0 0x0 0x0 ] Dirty = 1 Prefetch = No ]
1618095000: system.ruby.l1_cntrl0: MESI_Three_Level-L1cache.sm:387: This is L1 messageBufferFromL0_in
1618095000: system.ruby.l1_cntrl0: MESI_Three_Level-L1cache.sm:388: [CoherenceMsg: addr = [0x2128000, line 0x2128000] Class = GETX AccessMode = Supervisor Sender = L0Cache-0 Dest = L1Cache-0 MessageSize = Control DataBlk = [ 0x0 0x0 0x0 0x0 0x0 0x0 0x0 0x0 0x0 0x0 0x0 0x0 0x0 0x0 0x0 0x0 0x0 0x0 0x0 0x0 0x0 0x0 0x0 0x0 0x0 0x0 0x0 0x0 0x0 0x0 0x0 0x0 0x0 0x0 0x0 0x0 0x0 0x0 0x0 0x0 0x0 0x0 0x0 0x0 0x0 0x0 0x0 0x0 0x0 0x0 0x0 0x0 0x0 0x0 0x0 0x0 0x0 0x0 0x0 0x0 0x0 0x0 0x0 0x0 ] Dirty = 0 Prefetch = No ]
1618095000: system.ruby.l1_cntrl0: MESI_Three_Level-L1cache.sm:387: This is L1 messageBufferFromL0_in
1618095000: system.ruby.l1_cntrl0: MESI_Three_Level-L1cache.sm:388: [CoherenceMsg: addr = [0x2128000, line 0x2128000] Class = GETX AccessMode = Supervisor Sender = L0Cache-0 Dest = L1Cache-0 MessageSize = Control DataBlk = [ 0x0 0x0 0x0 0x0 0x0 0x0 0x0 0x0 0x0 0x0 0x0 0x0 0x0 0x0 0x0 0x0 0x0 0x0 0x0 0x0 0x0 0x0 0x0 0x0 0x0 0x0 0x0 0x0 0x0 0x0 0x0 0x0 0x0 0x0 0x0 0x0 0x0 0x0 0x0 0x0 0x0 0x0 0x0 0x0 0x0 0x0 0x0 0x0 0x0 0x0 0x0 0x0 0x0 0x0 0x0 0x0 0x0 0x0 0x0 0x0 0x0 0x0 0x0 0x0 ] Dirty = 0 Prefetch = No ]
1618095000: system.ruby.l1_cntrl0: MESI_Three_Level-L1cache.sm:454: L1Cache-0
1618095000: system.ruby.l1_cntrl0: MESI_Three_Level-L1cache.sm:458: address: 0x2128000, destination: [NetDest (20) 0 0 0 0 0 0 0 0 0 0 0 0 0 0 0 0  - 0 0 0 0 0 0 0 0 0 0 0 0 0 0 0 0  - 1 0 0 0  -  - 0 0 0 0  - 0 0  -  -  -  -  -  -  -  -  -  -  -  -  -  -  - ]
1618099000: system.ruby.l2_cntrl0: MESI_Three_Level-L2cache.sm:413: This L1RequestL2Network_in L2Cache
1618099000: system.ruby.l2_cntrl0: MESI_Three_Level-L2cache.sm:414: [RequestMsg: addr = [0x2108000, line 0x2108000] Type = PUTX AccessMode = User Requestor = L1Cache-0 Destination = [NetDest (20) 0 0 0 0 0 0 0 0 0 0 0 0 0 0 0 0  - 0 0 0 0 0 0 0 0 0 0 0 0 0 0 0 0  - 1 0 0 0  -  - 0 0 0 0  - 0 0  -  -  -  -  -  -  -  -  -  -  -  -  -  -  - ] MessageSize = Writeback_Data DataBlk = [ 0x0 0x0 0x0 0x0 0x0 0x0 0x0 0x0 0x0 0x0 0x0 0x0 0x0 0x0 0x0 0x0 0x0 0x0 0x0 0x0 0x0 0x0 0x0 0x0 0x0 0x0 0x0 0x0 0x0 0x0 0x0 0x0 0x0 0x0 0x0 0x0 0x0 0x0 0x0 0x0 0x0 0x0 0x0 0x0 0x0 0x0 0x0 0x0 0x0 0x0 0x0 0x0 0x0 0x0 0x0 0x0 0x0 0x0 0x0 0x0 0x0 0x0 0x0 0x0 ] Len = 0 Dirty = 1 Prefetch = No ]
1618099000: system.ruby.l2_cntrl0: MESI_Three_Level-L2cache.sm:419: Addr: 0x2108000 State: MT Req: L1Cache-0 Type: PUTX Dest: [NetDest (20) 0 0 0 0 0 0 0 0 0 0 0 0 0 0 0 0  - 0 0 0 0 0 0 0 0 0 0 0 0 0 0 0 0  - 1 0 0 0  -  - 0 0 0 0  - 0 0  -  -  -  -  -  -  -  -  -  -  -  -  -  -  - ]
1618101000: system.ruby.l2_cntrl0: MESI_Three_Level-L2cache.sm:413: This L1RequestL2Network_in L2Cache
1618101000: system.ruby.l2_cntrl0: MESI_Three_Level-L2cache.sm:414: [RequestMsg: addr = [0x2128000, line 0x2128000] Type = GETX AccessMode = Supervisor Requestor = L1Cache-0 Destination = [NetDest (20) 0 0 0 0 0 0 0 0 0 0 0 0 0 0 0 0  - 0 0 0 0 0 0 0 0 0 0 0 0 0 0 0 0  - 1 0 0 0  -  - 0 0 0 0  - 0 0  -  -  -  -  -  -  -  -  -  -  -  -  -  -  - ] MessageSize = Control DataBlk = [ 0x0 0x0 0x0 0x0 0x0 0x0 0x0 0x0 0x0 0x0 0x0 0x0 0x0 0x0 0x0 0x0 0x0 0x0 0x0 0x0 0x0 0x0 0x0 0x0 0x0 0x0 0x0 0x0 0x0 0x0 0x0 0x0 0x0 0x0 0x0 0x0 0x0 0x0 0x0 0x0 0x0 0x0 0x0 0x0 0x0 0x0 0x0 0x0 0x0 0x0 0x0 0x0 0x0 0x0 0x0 0x0 0x0 0x0 0x0 0x0 0x0 0x0 0x0 0x0 ] Len = 0 Dirty = 0 Prefetch = No ]
1618101000: system.ruby.l2_cntrl0: MESI_Three_Level-L2cache.sm:419: Addr: 0x2128000 State: NP Req: L1Cache-0 Type: GETX Dest: [NetDest (20) 0 0 0 0 0 0 0 0 0 0 0 0 0 0 0 0  - 0 0 0 0 0 0 0 0 0 0 0 0 0 0 0 0  - 1 0 0 0  -  - 0 0 0 0  - 0 0  -  -  -  -  -  -  -  -  -  -  -  -  -  -  - ]
1618102500: system.ruby.l1_cntrl0: MESI_Three_Level-L1cache.sm:300: This is L1 responseNetwork_in
1618102500: system.ruby.l1_cntrl0: MESI_Three_Level-L1cache.sm:301: [ResponseMsg: addr = [0x2108000, line 0x2108000] Type = WB_ACK Sender = L2Cache-0 Destination = [NetDest (20) 0 0 0 0 0 0 0 0 0 0 0 0 0 0 0 0  - 1 0 0 0 0 0 0 0 0 0 0 0 0 0 0 0  - 0 0 0 0  -  - 0 0 0 0  - 0 0  -  -  -  -  -  -  -  -  -  -  -  -  -  -  - ] DataBlk = [ 0x0 0x0 0x0 0x0 0x0 0x0 0x0 0x0 0x0 0x0 0x0 0x0 0x0 0x0 0x0 0x0 0x0 0x0 0x0 0x0 0x0 0x0 0x0 0x0 0x0 0x0 0x0 0x0 0x0 0x0 0x0 0x0 0x0 0x0 0x0 0x0 0x0 0x0 0x0 0x0 0x0 0x0 0x0 0x0 0x0 0x0 0x0 0x0 0x0 0x0 0x0 0x0 0x0 0x0 0x0 0x0 0x0 0x0 0x0 0x0 0x0 0x0 0x0 0x0 ] Dirty = 0 AckCount = 0 MessageSize = Response_Control ]
1618105000: system.ruby.dir_cntrl3: MESI_Three_Level-dir.sm:267: This is dir responseNetwork_in dir
1618105000: system.ruby.dir_cntrl3: MESI_Three_Level-dir.sm:268: [ResponseMsg: addr = [0x1fe8000, line 0x1fe8000] Type = MEMORY_DATA Sender = L2Cache-0 Destination = [NetDest (20) 0 0 0 0 0 0 0 0 0 0 0 0 0 0 0 0  - 0 0 0 0 0 0 0 0 0 0 0 0 0 0 0 0  - 0 0 0 0  -  - 0 0 0 1  - 0 0  -  -  -  -  -  -  -  -  -  -  -  -  -  -  - ] DataBlk = [ 0x0 0x0 0x0 0x0 0x0 0x0 0x0 0x0 0x0 0x0 0x0 0x0 0x0 0x0 0x0 0x0 0x0 0x0 0x0 0x0 0x0 0x0 0x0 0x0 0x0 0x0 0x0 0x0 0x0 0x0 0x0 0x0 0xdf 0xbe 0xb1 0x81 0xff 0xff 0xff 0xff 0x76 0x0 0xb3 0x81 0xff 0xff 0xff 0xff 0xe4 0xbe 0xb1 0x81 0xff 0xff 0xff 0xff 0x19 0x4a 0xb8 0x81 0xff 0xff 0xff 0xff ] Dirty = 1 AckCount = 0 MessageSize = Response_Data ]
1618105000: system.ruby.dir_cntrl3: MESI_Three_Level-dir.sm:273: Addr: 0x1fe8000 State: V Sender: L2Cache-0 Type: MEMORY_DATA Dest: [NetDest (20) 0 0 0 0 0 0 0 0 0 0 0 0 0 0 0 0  - 0 0 0 0 0 0 0 0 0 0 0 0 0 0 0 0  - 0 0 0 0  -  - 0 0 0 1  - 0 0  -  -  -  -  -  -  -  -  -  -  -  -  -  -  - ]
1618120500: system.ruby.dir_cntrl3: MESI_Three_Level-dir.sm:321: This is dir memQueue_in dir
1618120500: system.ruby.dir_cntrl3: MESI_Three_Level-dir.sm:322: [MemoryMsg: addr = [0x1fe8000, line 0x1fe8000] Type = MEMORY_WB Sender = Directory-3 OriginalRequestorMachId = L2Cache-0 DataBlk = [ 0x0 0x0 0x0 0x0 0x0 0x0 0x0 0x0 0x0 0x0 0x0 0x0 0x0 0x0 0x0 0x0 0x0 0x0 0x0 0x0 0x0 0x0 0x0 0x0 0x0 0x0 0x0 0x0 0x0 0x0 0x0 0x0 0x0 0x0 0x0 0x0 0x0 0x0 0x0 0x0 0x0 0x0 0x0 0x0 0x0 0x0 0x0 0x0 0x0 0x0 0x0 0x0 0x0 0x0 0x0 0x0 0x0 0x0 0x0 0x0 0x0 0x0 0x0 0x0 ] MessageSize = Writeback_Control Len = 0 Prefetch = No ReadX = 0 Acks = 0 ]
1618120500: system.ruby.dir_cntrl3: MESI_Three_Level-dir.sm:324: Addr: 0x1fe8000 State: V_I Sender: Directory-3 Type: MEMORY_WB
1618124000: system.ruby.l2_cntrl0: MESI_Three_Level-L2cache.sm:347: This is responseL2Network_in L2Cache
1618124000: system.ruby.l2_cntrl0: MESI_Three_Level-L2cache.sm:348: [ResponseMsg: addr = [0x1fe8000, line 0x1fe8000] Type = MEMORY_ACK Sender = Directory-3 Destination = [NetDest (20) 0 0 0 0 0 0 0 0 0 0 0 0 0 0 0 0  - 0 0 0 0 0 0 0 0 0 0 0 0 0 0 0 0  - 1 0 0 0  -  - 0 0 0 0  - 0 0  -  -  -  -  -  -  -  -  -  -  -  -  -  -  - ] DataBlk = [ 0x0 0x0 0x0 0x0 0x0 0x0 0x0 0x0 0x0 0x0 0x0 0x0 0x0 0x0 0x0 0x0 0x0 0x0 0x0 0x0 0x0 0x0 0x0 0x0 0x0 0x0 0x0 0x0 0x0 0x0 0x0 0x0 0x0 0x0 0x0 0x0 0x0 0x0 0x0 0x0 0x0 0x0 0x0 0x0 0x0 0x0 0x0 0x0 0x0 0x0 0x0 0x0 0x0 0x0 0x0 0x0 0x0 0x0 0x0 0x0 0x0 0x0 0x0 0x0 ] Dirty = 0 AckCount = 0 MessageSize = Response_Control ]
1618124000: system.ruby.l2_cntrl0: MESI_Three_Level-L2cache.sm:355: Addr: 0x1fe8000 State: M_I Sender: Directory-3 Type: MEMORY_ACK Dest: [NetDest (20) 0 0 0 0 0 0 0 0 0 0 0 0 0 0 0 0  - 0 0 0 0 0 0 0 0 0 0 0 0 0 0 0 0  - 1 0 0 0  -  - 0 0 0 0  - 0 0  -  -  -  -  -  -  -  -  -  -  -  -  -  -  - ]
